0 info it worked if it ends with ok
1 verbose cli [ '/Users/cliftoncunningham/.nvm/v0.8.14/bin/node',
1 verbose cli   '/Users/cliftoncunningham/.nvm/v0.8.14/bin/npm',
1 verbose cli   'install',
1 verbose cli   'zmq' ]
2 info using npm@1.1.65
3 info using node@v0.8.14
4 verbose read json /Users/cliftoncunningham/Projects/ng/package.json
5 warn package.json ng-async@0.0.1-4 No README.md file found!
6 verbose read json /Users/cliftoncunningham/Projects/ng/node_modules/async/package.json
7 verbose read json /Users/cliftoncunningham/Projects/ng/node_modules/consolidate/package.json
8 verbose read json /Users/cliftoncunningham/Projects/ng/node_modules/dustjs-helpers/package.json
9 verbose read json /Users/cliftoncunningham/Projects/ng/node_modules/dustjs-linkedin/package.json
10 verbose read json /Users/cliftoncunningham/Projects/ng/node_modules/eventemitter2/package.json
11 verbose read json /Users/cliftoncunningham/Projects/ng/node_modules/express/package.json
12 verbose read json /Users/cliftoncunningham/Projects/ng/node_modules/jade/package.json
13 verbose read json /Users/cliftoncunningham/Projects/ng/node_modules/underscore/package.json
14 verbose from cache /Users/cliftoncunningham/Projects/ng/package.json
15 verbose readDependencies using package.json deps
16 verbose cache add [ 'zmq', null ]
17 silly cache add name=undefined spec="zmq" args=["zmq",null]
18 verbose parsed url { pathname: 'zmq', path: 'zmq', href: 'zmq' }
19 silly lockFile 87107de2-zmq zmq
20 verbose lock zmq /Users/cliftoncunningham/.npm/87107de2-zmq.lock
21 silly lockFile 87107de2-zmq zmq
22 verbose addNamed [ 'zmq', '' ]
23 verbose addNamed [ null, '' ]
24 silly lockFile 6227fbd7-zmq zmq@
25 verbose lock zmq@ /Users/cliftoncunningham/.npm/6227fbd7-zmq.lock
26 silly addNameRange { name: 'zmq', range: '', hasData: false }
27 verbose url raw zmq
28 verbose url resolving [ 'https://registry.npmjs.org/', './zmq' ]
29 verbose url resolved https://registry.npmjs.org/zmq
30 info trying registry request attempt 1 at 20:17:24
31 verbose etag "8XRDQC32Y27D5ZFFME9DUBOEL"
32 http GET https://registry.npmjs.org/zmq
33 http 200 https://registry.npmjs.org/zmq
34 silly registry.get cb [ 200,
34 silly registry.get   { vary: 'Accept',
34 silly registry.get     server: 'CouchDB/1.2.0 (Erlang OTP/R15B)',
34 silly registry.get     etag: '"4VQVHVVYGZ3HO7IYLV32Z8UXM"',
34 silly registry.get     date: 'Fri, 16 Nov 2012 20:17:01 GMT',
34 silly registry.get     'content-type': 'application/json',
34 silly registry.get     'content-length': '21371' } ]
35 silly addNameRange number 2 { name: 'zmq', range: '', hasData: true }
36 silly addNameRange versions [ 'zmq',
36 silly addNameRange   [ '1.0.0',
36 silly addNameRange     '1.0.1',
36 silly addNameRange     '1.0.2',
36 silly addNameRange     '1.0.3',
36 silly addNameRange     '1.0.4',
36 silly addNameRange     '2.0.0',
36 silly addNameRange     '2.0.1',
36 silly addNameRange     '2.0.2',
36 silly addNameRange     '2.0.3',
36 silly addNameRange     '2.1.0',
36 silly addNameRange     '2.2.0' ] ]
37 verbose addNamed [ 'zmq', '2.2.0' ]
38 verbose addNamed [ '2.2.0', '2.2.0' ]
39 silly lockFile 1f5bd4b1-zmq-2-2-0 zmq@2.2.0
40 verbose lock zmq@2.2.0 /Users/cliftoncunningham/.npm/1f5bd4b1-zmq-2-2-0.lock
41 silly lockFile f9c25212-stry-npmjs-org-zmq-zmq-2-2-0-tgz https://registry.npmjs.org/zmq/-/zmq-2.2.0.tgz
42 verbose lock https://registry.npmjs.org/zmq/-/zmq-2.2.0.tgz /Users/cliftoncunningham/.npm/f9c25212-stry-npmjs-org-zmq-zmq-2-2-0-tgz.lock
43 verbose addRemoteTarball [ 'https://registry.npmjs.org/zmq/-/zmq-2.2.0.tgz',
43 verbose addRemoteTarball   '3d1ad20f580fea1c2381993789fb0f49fd6ca711' ]
44 info retry fetch attempt 1 at 20:17:26
45 verbose fetch to= /var/folders/vt/jnyllnr55sxd_d8d5bdqw5w40000gn/T/npm-76901/1353097046432-0.49942937144078314/tmp.tgz
46 http GET https://registry.npmjs.org/zmq/-/zmq-2.2.0.tgz
47 http 200 https://registry.npmjs.org/zmq/-/zmq-2.2.0.tgz
48 silly shasum updated bytes 19970
49 info shasum 3d1ad20f580fea1c2381993789fb0f49fd6ca711
49 info shasum /var/folders/vt/jnyllnr55sxd_d8d5bdqw5w40000gn/T/npm-76901/1353097046432-0.49942937144078314/tmp.tgz
50 verbose tar unpack /var/folders/vt/jnyllnr55sxd_d8d5bdqw5w40000gn/T/npm-76901/1353097046432-0.49942937144078314/tmp.tgz
51 silly lockFile 637c2be8-6432-0-49942937144078314-package /var/folders/vt/jnyllnr55sxd_d8d5bdqw5w40000gn/T/npm-76901/1353097046432-0.49942937144078314/package
52 verbose lock /var/folders/vt/jnyllnr55sxd_d8d5bdqw5w40000gn/T/npm-76901/1353097046432-0.49942937144078314/package /Users/cliftoncunningham/.npm/637c2be8-6432-0-49942937144078314-package.lock
53 silly gunzTarPerm modes [ '755', '644' ]
54 silly gunzTarPerm extractEntry package.json
55 silly gunzTarPerm extractEntry .npmignore
56 silly gunzTarPerm extractEntry README.md
57 silly gunzTarPerm extractEntry LICENSE
58 silly gunzTarPerm extractEntry index.js
59 silly gunzTarPerm extractEntry History.md
60 silly gunzTarPerm extractEntry wscript
61 silly gunzTarPerm extractEntry binding.cc
62 silly gunzTarPerm extractEntry binding.gyp
63 silly gunzTarPerm extractEntry Makefile
64 silly gunzTarPerm extractEntry docs/highlight.js
65 silly gunzTarPerm extractEntry docs/menu.js
66 silly gunzTarPerm extractEntry docs/index.html
67 silly gunzTarPerm extractEntry docs/index.json
68 silly gunzTarPerm extractEntry docs/style.css
69 silly gunzTarPerm extractEntry docs/template.jade
70 silly gunzTarPerm extractEntry examples/dealer_router.js
71 silly gunzTarPerm extractEntry examples/pub_sub.js
72 silly gunzTarPerm extractEntry examples/push_pull.js
73 silly gunzTarPerm extractEntry examples/rep_req.js
74 silly gunzTarPerm extractEntry examples/req_rep.js
75 silly gunzTarPerm extractEntry examples/router_dealer.js
76 silly gunzTarPerm extractEntry examples/rpc.js
77 silly gunzTarPerm extractEntry examples/devices/forwarder.js
78 silly gunzTarPerm extractEntry examples/devices/queue.js
79 silly gunzTarPerm extractEntry examples/devices/streamer.js
80 silly gunzTarPerm extractEntry examples/workers/producer.js
81 silly gunzTarPerm extractEntry examples/workers/worker.js
82 silly gunzTarPerm extractEntry test/run.js
83 silly gunzTarPerm extractEntry test/test.socket.events.js
84 silly gunzTarPerm extractEntry test/test.socket.js
85 silly gunzTarPerm extractEntry test/test.socket.messages.js
86 silly gunzTarPerm extractEntry test/test.exports.js
87 silly gunzTarPerm extractEntry test/test.socket.multipart.sndmore.js
88 silly gunzTarPerm extractEntry test/test.socket.pub-sub.filter.js
89 silly gunzTarPerm extractEntry test/test.socket.pub-sub.js
90 silly gunzTarPerm extractEntry test/test.socket.req-rep.js
91 silly gunzTarPerm extractEntry test/test.socket.req-rep.multiple.js
92 silly gunzTarPerm extractEntry test/test.socket.multipart.message.js
93 silly gunzTarPerm extractEntry lib/index.js
94 verbose read json /var/folders/vt/jnyllnr55sxd_d8d5bdqw5w40000gn/T/npm-76901/1353097046432-0.49942937144078314/package/package.json
95 silly lockFile 637c2be8-6432-0-49942937144078314-package /var/folders/vt/jnyllnr55sxd_d8d5bdqw5w40000gn/T/npm-76901/1353097046432-0.49942937144078314/package
96 verbose from cache /var/folders/vt/jnyllnr55sxd_d8d5bdqw5w40000gn/T/npm-76901/1353097046432-0.49942937144078314/package/package.json
97 verbose tar pack [ '/Users/cliftoncunningham/.npm/zmq/2.2.0/package.tgz',
97 verbose tar pack   '/var/folders/vt/jnyllnr55sxd_d8d5bdqw5w40000gn/T/npm-76901/1353097046432-0.49942937144078314/package' ]
98 verbose tarball /Users/cliftoncunningham/.npm/zmq/2.2.0/package.tgz
99 verbose folder /var/folders/vt/jnyllnr55sxd_d8d5bdqw5w40000gn/T/npm-76901/1353097046432-0.49942937144078314/package
100 silly lockFile d56b8331-ingham-npm-zmq-2-2-0-package-tgz /Users/cliftoncunningham/.npm/zmq/2.2.0/package.tgz
101 verbose lock /Users/cliftoncunningham/.npm/zmq/2.2.0/package.tgz /Users/cliftoncunningham/.npm/d56b8331-ingham-npm-zmq-2-2-0-package-tgz.lock
102 silly lockFile d56b8331-ingham-npm-zmq-2-2-0-package-tgz /Users/cliftoncunningham/.npm/zmq/2.2.0/package.tgz
103 silly lockFile 03f4417f-cunningham-npm-zmq-2-2-0-package /Users/cliftoncunningham/.npm/zmq/2.2.0/package
104 verbose lock /Users/cliftoncunningham/.npm/zmq/2.2.0/package /Users/cliftoncunningham/.npm/03f4417f-cunningham-npm-zmq-2-2-0-package.lock
105 silly lockFile 03f4417f-cunningham-npm-zmq-2-2-0-package /Users/cliftoncunningham/.npm/zmq/2.2.0/package
106 verbose tar unpack /Users/cliftoncunningham/.npm/zmq/2.2.0/package.tgz
107 silly lockFile 03f4417f-cunningham-npm-zmq-2-2-0-package /Users/cliftoncunningham/.npm/zmq/2.2.0/package
108 verbose lock /Users/cliftoncunningham/.npm/zmq/2.2.0/package /Users/cliftoncunningham/.npm/03f4417f-cunningham-npm-zmq-2-2-0-package.lock
109 silly gunzTarPerm modes [ '755', '644' ]
110 silly gunzTarPerm extractEntry package.json
111 silly gunzTarPerm extractEntry .npmignore
112 silly gunzTarPerm extractEntry README.md
113 silly gunzTarPerm extractEntry LICENSE
114 silly gunzTarPerm extractEntry index.js
115 silly gunzTarPerm extractEntry History.md
116 silly gunzTarPerm extractEntry wscript
117 silly gunzTarPerm extractEntry binding.cc
118 silly gunzTarPerm extractEntry binding.gyp
119 silly gunzTarPerm extractEntry Makefile
120 silly gunzTarPerm extractEntry docs/highlight.js
121 silly gunzTarPerm extractEntry docs/menu.js
122 silly gunzTarPerm extractEntry docs/index.html
123 silly gunzTarPerm extractEntry docs/index.json
124 silly gunzTarPerm extractEntry docs/style.css
125 silly gunzTarPerm extractEntry docs/template.jade
126 silly gunzTarPerm extractEntry examples/dealer_router.js
127 silly gunzTarPerm extractEntry examples/pub_sub.js
128 silly gunzTarPerm extractEntry examples/push_pull.js
129 silly gunzTarPerm extractEntry examples/rep_req.js
130 silly gunzTarPerm extractEntry examples/req_rep.js
131 silly gunzTarPerm extractEntry examples/router_dealer.js
132 silly gunzTarPerm extractEntry examples/rpc.js
133 silly gunzTarPerm extractEntry examples/devices/forwarder.js
134 silly gunzTarPerm extractEntry examples/devices/queue.js
135 silly gunzTarPerm extractEntry examples/devices/streamer.js
136 silly gunzTarPerm extractEntry examples/workers/producer.js
137 silly gunzTarPerm extractEntry examples/workers/worker.js
138 silly gunzTarPerm extractEntry test/run.js
139 silly gunzTarPerm extractEntry test/test.socket.events.js
140 silly gunzTarPerm extractEntry test/test.socket.js
141 silly gunzTarPerm extractEntry test/test.socket.messages.js
142 silly gunzTarPerm extractEntry test/test.exports.js
143 silly gunzTarPerm extractEntry test/test.socket.multipart.sndmore.js
144 silly gunzTarPerm extractEntry test/test.socket.pub-sub.filter.js
145 silly gunzTarPerm extractEntry test/test.socket.pub-sub.js
146 silly gunzTarPerm extractEntry test/test.socket.req-rep.js
147 silly gunzTarPerm extractEntry test/test.socket.req-rep.multiple.js
148 silly gunzTarPerm extractEntry test/test.socket.multipart.message.js
149 silly gunzTarPerm extractEntry lib/index.js
150 verbose read json /Users/cliftoncunningham/.npm/zmq/2.2.0/package/package.json
151 silly lockFile 03f4417f-cunningham-npm-zmq-2-2-0-package /Users/cliftoncunningham/.npm/zmq/2.2.0/package
152 silly shasum updated bytes 19970
153 info shasum 3d1ad20f580fea1c2381993789fb0f49fd6ca711
153 info shasum /Users/cliftoncunningham/.npm/zmq/2.2.0/package.tgz
154 verbose from cache /Users/cliftoncunningham/.npm/zmq/2.2.0/package/package.json
155 verbose chmod /Users/cliftoncunningham/.npm/zmq/2.2.0/package.tgz 644
156 verbose chown /Users/cliftoncunningham/.npm/zmq/2.2.0/package.tgz [ 501, 20 ]
157 silly lockFile f9c25212-stry-npmjs-org-zmq-zmq-2-2-0-tgz https://registry.npmjs.org/zmq/-/zmq-2.2.0.tgz
158 silly lockFile 1f5bd4b1-zmq-2-2-0 zmq@2.2.0
159 silly lockFile 6227fbd7-zmq zmq@
160 silly resolved [ { name: 'zmq',
160 silly resolved     version: '2.2.0',
160 silly resolved     description: 'Bindings for node.js to zeromq',
160 silly resolved     main: 'index',
160 silly resolved     repository:
160 silly resolved      { type: 'git',
160 silly resolved        url: 'http://github.com/JustinTulloss/zeromq.node.git' },
160 silly resolved     devDependencies: { should: '*', batch: '*', jade: '*', dox: '*' },
160 silly resolved     engines: { node: '>=0.7.9' },
160 silly resolved     contributors:
160 silly resolved      [ [Object],
160 silly resolved        [Object],
160 silly resolved        [Object],
160 silly resolved        [Object],
160 silly resolved        [Object],
160 silly resolved        [Object],
160 silly resolved        [Object],
160 silly resolved        [Object],
160 silly resolved        [Object] ],
160 silly resolved     scripts: { install: 'node-gyp rebuild' },
160 silly resolved     gypfile: true,
160 silly resolved     readme: '# node-zeromq\n\n  [ØMQ](http://www.zeromq.org/) bindings for node.js.\n\n## Installation\n\n    $ npm install zmq\n\n## Example\n\nproducer.js:\n\n```js\nvar zmq = require(\'zmq\')\n  , sock = zmq.socket(\'push\');\n\nsock.bindSync(\'tcp://127.0.0.1:3000\');\nconsole.log(\'Producer bound to port 3000\');\n\nsetInterval(function(){\n  console.log(\'sending work\');\n  sock.send(\'some work\');\n}, 500);\n```\n\nworker.js:\n\n```js\n\nvar zmq = require(\'zmq\')\n  , sock = zmq.socket(\'pull\');\n\nsock.connect(\'tcp://127.0.0.1:3000\');\nconsole.log(\'Worker connected to port 3000\');\n\nsock.on(\'message\', function(msg){\n  console.log(\'work: %s\', msg.toString());\n});\n```\n\n## Running tests\n\n  Install dev deps:\n\n     $ npm install\n\n  Build:\n\n     $ make\n\n  Test:\n\n     $ make test\n\n## Contributors\n\n Authored by Justin Tulloss, maintained by Shripad K and TJ Holowaychuk. To contribute please ensure _all_ tests pass, and do your best to maintain the style used within the rest of the library.\n\n Output of `git summary`:\n\n      project: zeromq.node\n      commits: 260\n      files  : 38\n      authors: \n        114 Justin Tulloss          43.8%\n         53 Tj Holowaychuk          20.4%\n         48 Stéphan Kochen         18.5%\n         12 jeremybarnes            4.6%\n         10 TJ Holowaychuk          3.8%\n          9 mike castleman          3.5%\n          3 Yaroslav Shirokov       1.2%\n          2 Corey Jewett            0.8%\n          2 mgc                     0.8%\n          1 rick                    0.4%\n          1 Matt Crocker            0.4%\n          1 Joshua Gourneau         0.4%\n          1 Micheil Smith           0.4%\n          1 Jeremy Barnes           0.4%\n          1 nponeccop               0.4%\n          1 Paul Bergeron           0.4%\n\n',
160 silly resolved     readmeFilename: 'README.md',
160 silly resolved     _id: 'zmq@2.2.0',
160 silly resolved     dist: { shasum: '3d1ad20f580fea1c2381993789fb0f49fd6ca711' },
160 silly resolved     _from: 'zmq' } ]
161 info install zmq@2.2.0 into /Users/cliftoncunningham/Projects/ng
162 info installOne zmq@2.2.0
163 verbose from cache /Users/cliftoncunningham/.npm/zmq/2.2.0/package/package.json
164 info /Users/cliftoncunningham/Projects/ng/node_modules/zmq unbuild
165 verbose read json /Users/cliftoncunningham/Projects/ng/node_modules/zmq/package.json
166 verbose tar unpack /Users/cliftoncunningham/.npm/zmq/2.2.0/package.tgz
167 silly lockFile e5c20f8c-ham-Projects-ng-node-modules-zmq /Users/cliftoncunningham/Projects/ng/node_modules/zmq
168 verbose lock /Users/cliftoncunningham/Projects/ng/node_modules/zmq /Users/cliftoncunningham/.npm/e5c20f8c-ham-Projects-ng-node-modules-zmq.lock
169 silly gunzTarPerm modes [ '755', '644' ]
170 silly gunzTarPerm extractEntry package.json
171 silly gunzTarPerm extractEntry .npmignore
172 silly gunzTarPerm extractEntry README.md
173 silly gunzTarPerm extractEntry LICENSE
174 silly gunzTarPerm extractEntry index.js
175 silly gunzTarPerm extractEntry History.md
176 silly gunzTarPerm extractEntry wscript
177 silly gunzTarPerm extractEntry binding.cc
178 silly gunzTarPerm extractEntry binding.gyp
179 silly gunzTarPerm extractEntry Makefile
180 silly gunzTarPerm extractEntry docs/highlight.js
181 silly gunzTarPerm extractEntry docs/menu.js
182 silly gunzTarPerm extractEntry docs/index.html
183 silly gunzTarPerm extractEntry docs/index.json
184 silly gunzTarPerm extractEntry docs/style.css
185 silly gunzTarPerm extractEntry docs/template.jade
186 silly gunzTarPerm extractEntry examples/dealer_router.js
187 silly gunzTarPerm extractEntry examples/pub_sub.js
188 silly gunzTarPerm extractEntry examples/push_pull.js
189 silly gunzTarPerm extractEntry examples/rep_req.js
190 silly gunzTarPerm extractEntry examples/req_rep.js
191 silly gunzTarPerm extractEntry examples/router_dealer.js
192 silly gunzTarPerm extractEntry examples/rpc.js
193 silly gunzTarPerm extractEntry examples/devices/forwarder.js
194 silly gunzTarPerm extractEntry examples/devices/queue.js
195 silly gunzTarPerm extractEntry examples/devices/streamer.js
196 silly gunzTarPerm extractEntry examples/workers/producer.js
197 silly gunzTarPerm extractEntry examples/workers/worker.js
198 silly gunzTarPerm extractEntry test/run.js
199 silly gunzTarPerm extractEntry test/test.socket.events.js
200 silly gunzTarPerm extractEntry test/test.socket.js
201 silly gunzTarPerm extractEntry test/test.socket.messages.js
202 silly gunzTarPerm extractEntry test/test.exports.js
203 silly gunzTarPerm extractEntry test/test.socket.multipart.sndmore.js
204 silly gunzTarPerm extractEntry test/test.socket.pub-sub.filter.js
205 silly gunzTarPerm extractEntry test/test.socket.pub-sub.js
206 silly gunzTarPerm extractEntry test/test.socket.req-rep.js
207 silly gunzTarPerm extractEntry test/test.socket.req-rep.multiple.js
208 silly gunzTarPerm extractEntry test/test.socket.multipart.message.js
209 silly gunzTarPerm extractEntry lib/index.js
210 verbose read json /Users/cliftoncunningham/Projects/ng/node_modules/zmq/package.json
211 silly lockFile e5c20f8c-ham-Projects-ng-node-modules-zmq /Users/cliftoncunningham/Projects/ng/node_modules/zmq
212 info preinstall zmq@2.2.0
213 verbose from cache /Users/cliftoncunningham/Projects/ng/node_modules/zmq/package.json
214 verbose readDependencies using package.json deps
215 verbose from cache /Users/cliftoncunningham/Projects/ng/node_modules/zmq/package.json
216 verbose readDependencies using package.json deps
217 silly resolved []
218 verbose about to build /Users/cliftoncunningham/Projects/ng/node_modules/zmq
219 info build /Users/cliftoncunningham/Projects/ng/node_modules/zmq
220 verbose from cache /Users/cliftoncunningham/Projects/ng/node_modules/zmq/package.json
221 verbose linkStuff [ false,
221 verbose linkStuff   false,
221 verbose linkStuff   false,
221 verbose linkStuff   '/Users/cliftoncunningham/Projects/ng/node_modules' ]
222 info linkStuff zmq@2.2.0
223 verbose linkBins zmq@2.2.0
224 verbose linkMans zmq@2.2.0
225 verbose rebuildBundles zmq@2.2.0
226 info install zmq@2.2.0
227 verbose unsafe-perm in lifecycle true
228 silly exec sh "-c" "node-gyp rebuild"
229 silly sh,-c,node-gyp rebuild,/Users/cliftoncunningham/Projects/ng/node_modules/zmq spawning
230 info zmq@2.2.0 Failed to exec install script
231 info /Users/cliftoncunningham/Projects/ng/node_modules/zmq unbuild
232 verbose from cache /Users/cliftoncunningham/Projects/ng/node_modules/zmq/package.json
233 info preuninstall zmq@2.2.0
234 info uninstall zmq@2.2.0
235 verbose true,/Users/cliftoncunningham/Projects/ng/node_modules,/Users/cliftoncunningham/Projects/ng/node_modules unbuild zmq@2.2.0
236 info postuninstall zmq@2.2.0
237 error zmq@2.2.0 install: `node-gyp rebuild`
237 error `sh "-c" "node-gyp rebuild"` failed with 1
238 error Failed at the zmq@2.2.0 install script.
238 error This is most likely a problem with the zmq package,
238 error not with npm itself.
238 error Tell the author that this fails on your system:
238 error     node-gyp rebuild
238 error You can get their info via:
238 error     npm owner ls zmq
238 error There is likely additional logging output above.
239 error System Darwin 11.4.0
240 error command "/Users/cliftoncunningham/.nvm/v0.8.14/bin/node" "/Users/cliftoncunningham/.nvm/v0.8.14/bin/npm" "install" "zmq"
241 error cwd /Users/cliftoncunningham/Projects/ng
242 error node -v v0.8.14
243 error npm -v 1.1.65
244 error code ELIFECYCLE
245 verbose exit [ 1, true ]
